::1 - - [19/May/2021:15:50:23 +0000] "POST /api/auth HTTP/1.1" 500 2408 "-" "PostmanRuntime/7.28.0"
::1 - - [19/May/2021:15:58:47 +0000] "OPTIONS /api/auth/signup HTTP/1.1" 500 2408 "http://localhost:4200/" "Mozilla/5.0 (Linux; Android 6.0; Nexus 5 Build/MRA58N) AppleWebKit/537.36 (KHTML, like Gecko) Chrome/90.0.4430.212 Mobile Safari/537.36"
::1 - - [19/May/2021:15:59:32 +0000] "OPTIONS /api/auth/signup HTTP/1.1" 500 2408 "http://localhost:4200/" "Mozilla/5.0 (Linux; Android 6.0; Nexus 5 Build/MRA58N) AppleWebKit/537.36 (KHTML, like Gecko) Chrome/90.0.4430.212 Mobile Safari/537.36"
::1 - - [19/May/2021:16:01:52 +0000] "OPTIONS /api/auth/signup HTTP/1.1" 500 2408 "http://localhost:4200/" "Mozilla/5.0 (Linux; Android 6.0; Nexus 5 Build/MRA58N) AppleWebKit/537.36 (KHTML, like Gecko) Chrome/90.0.4430.212 Mobile Safari/537.36"
::1 - - [19/May/2021:16:05:49 +0000] "OPTIONS /api/auth/signup HTTP/1.1" 500 2408 "http://localhost:4200/" "Mozilla/5.0 (Linux; Android 6.0; Nexus 5 Build/MRA58N) AppleWebKit/537.36 (KHTML, like Gecko) Chrome/90.0.4430.212 Mobile Safari/537.36"
::1 - - [19/May/2021:16:26:29 +0000] "OPTIONS /api/auth/signup HTTP/1.1" 200 19 "http://localhost:4200/" "Mozilla/5.0 (Linux; Android 6.0; Nexus 5 Build/MRA58N) AppleWebKit/537.36 (KHTML, like Gecko) Chrome/90.0.4430.212 Mobile Safari/537.36"
::1 - - [19/May/2021:16:26:29 +0000] "POST /api/auth/signup HTTP/1.1" 404 155 "http://localhost:4200/" "Mozilla/5.0 (Linux; Android 6.0; Nexus 5 Build/MRA58N) AppleWebKit/537.36 (KHTML, like Gecko) Chrome/90.0.4430.212 Mobile Safari/537.36"
::1 - - [19/May/2021:16:26:54 +0000] "OPTIONS /api/auth/signup HTTP/1.1" 200 19 "http://localhost:4200/" "Mozilla/5.0 (Linux; Android 6.0; Nexus 5 Build/MRA58N) AppleWebKit/537.36 (KHTML, like Gecko) Chrome/90.0.4430.212 Mobile Safari/537.36"
::1 - - [19/May/2021:16:26:54 +0000] "POST /api/auth/signup HTTP/1.1" 404 155 "http://localhost:4200/" "Mozilla/5.0 (Linux; Android 6.0; Nexus 5 Build/MRA58N) AppleWebKit/537.36 (KHTML, like Gecko) Chrome/90.0.4430.212 Mobile Safari/537.36"
::1 - - [19/May/2021:16:30:24 +0000] "OPTIONS /api/auth/signup HTTP/1.1" 200 19 "http://localhost:4200/" "Mozilla/5.0 (Linux; Android 6.0; Nexus 5 Build/MRA58N) AppleWebKit/537.36 (KHTML, like Gecko) Chrome/90.0.4430.212 Mobile Safari/537.36"
::1 - - [19/May/2021:16:30:24 +0000] "POST /api/auth/signup HTTP/1.1" 404 155 "http://localhost:4200/" "Mozilla/5.0 (Linux; Android 6.0; Nexus 5 Build/MRA58N) AppleWebKit/537.36 (KHTML, like Gecko) Chrome/90.0.4430.212 Mobile Safari/537.36"
::1 - - [19/May/2021:16:47:17 +0000] "OPTIONS /api/auth/signup HTTP/1.1" 200 19 "http://localhost:4200/" "Mozilla/5.0 (Linux; Android 6.0; Nexus 5 Build/MRA58N) AppleWebKit/537.36 (KHTML, like Gecko) Chrome/90.0.4430.212 Mobile Safari/537.36"
::1 - - [19/May/2021:16:47:17 +0000] "POST /api/auth/signup HTTP/1.1" 404 155 "http://localhost:4200/" "Mozilla/5.0 (Linux; Android 6.0; Nexus 5 Build/MRA58N) AppleWebKit/537.36 (KHTML, like Gecko) Chrome/90.0.4430.212 Mobile Safari/537.36"
::1 - - [19/May/2021:16:47:31 +0000] "OPTIONS /api/auth/signup HTTP/1.1" 200 19 "http://localhost:4200/" "Mozilla/5.0 (Linux; Android 6.0; Nexus 5 Build/MRA58N) AppleWebKit/537.36 (KHTML, like Gecko) Chrome/90.0.4430.212 Mobile Safari/537.36"
::1 - - [19/May/2021:16:47:31 +0000] "POST /api/auth/signup HTTP/1.1" 404 155 "http://localhost:4200/" "Mozilla/5.0 (Linux; Android 6.0; Nexus 5 Build/MRA58N) AppleWebKit/537.36 (KHTML, like Gecko) Chrome/90.0.4430.212 Mobile Safari/537.36"
::1 - - [19/May/2021:16:54:44 +0000] "OPTIONS /api/auth/signup HTTP/1.1" 200 19 "http://localhost:4200/" "Mozilla/5.0 (Linux; Android 6.0; Nexus 5 Build/MRA58N) AppleWebKit/537.36 (KHTML, like Gecko) Chrome/90.0.4430.212 Mobile Safari/537.36"
::1 - - [19/May/2021:16:54:44 +0000] "POST /api/auth/signup HTTP/1.1" 404 155 "http://localhost:4200/" "Mozilla/5.0 (Linux; Android 6.0; Nexus 5 Build/MRA58N) AppleWebKit/537.36 (KHTML, like Gecko) Chrome/90.0.4430.212 Mobile Safari/537.36"
::1 - - [19/May/2021:17:47:01 +0000] "OPTIONS /api/auth/signup HTTP/1.1" 200 19 "http://localhost:4200/" "Mozilla/5.0 (Linux; Android 6.0; Nexus 5 Build/MRA58N) AppleWebKit/537.36 (KHTML, like Gecko) Chrome/90.0.4430.212 Mobile Safari/537.36"
::1 - - [19/May/2021:17:47:01 +0000] "POST /api/auth/signup HTTP/1.1" 404 155 "http://localhost:4200/" "Mozilla/5.0 (Linux; Android 6.0; Nexus 5 Build/MRA58N) AppleWebKit/537.36 (KHTML, like Gecko) Chrome/90.0.4430.212 Mobile Safari/537.36"
::1 - - [19/May/2021:17:47:31 +0000] "POST /api/auth/signup HTTP/1.1" 404 155 "-" "PostmanRuntime/7.28.0"
::1 - - [19/May/2021:17:48:05 +0000] "POST /api/sauces HTTP/1.1" 500 2211 "-" "PostmanRuntime/7.28.0"
::1 - - [19/May/2021:17:52:39 +0000] "OPTIONS /api/auth/signup HTTP/1.1" 200 19 "http://localhost:4200/" "Mozilla/5.0 (Linux; Android 6.0; Nexus 5 Build/MRA58N) AppleWebKit/537.36 (KHTML, like Gecko) Chrome/90.0.4430.212 Mobile Safari/537.36"
::1 - - [19/May/2021:17:52:39 +0000] "POST /api/auth/signup HTTP/1.1" 404 155 "http://localhost:4200/" "Mozilla/5.0 (Linux; Android 6.0; Nexus 5 Build/MRA58N) AppleWebKit/537.36 (KHTML, like Gecko) Chrome/90.0.4430.212 Mobile Safari/537.36"
::1 - - [19/May/2021:17:53:46 +0000] "POST /api/auth/signup HTTP/1.1" 404 155 "-" "PostmanRuntime/7.28.0"
::1 - - [19/May/2021:17:54:22 +0000] "POST /api/auth/signup HTTP/1.1" 422 42 "-" "PostmanRuntime/7.28.0"
::1 - - [19/May/2021:17:54:44 +0000] "OPTIONS /api/auth/signup HTTP/1.1" 200 4 "http://localhost:4200/" "Mozilla/5.0 (Linux; Android 6.0; Nexus 5 Build/MRA58N) AppleWebKit/537.36 (KHTML, like Gecko) Chrome/90.0.4430.212 Mobile Safari/537.36"
::1 - - [19/May/2021:17:54:44 +0000] "POST /api/auth/signup HTTP/1.1" 201 32 "http://localhost:4200/" "Mozilla/5.0 (Linux; Android 6.0; Nexus 5 Build/MRA58N) AppleWebKit/537.36 (KHTML, like Gecko) Chrome/90.0.4430.212 Mobile Safari/537.36"
::1 - - [19/May/2021:17:54:44 +0000] "OPTIONS /api/auth/login HTTP/1.1" 200 4 "http://localhost:4200/" "Mozilla/5.0 (Linux; Android 6.0; Nexus 5 Build/MRA58N) AppleWebKit/537.36 (KHTML, like Gecko) Chrome/90.0.4430.212 Mobile Safari/537.36"
::1 - - [19/May/2021:17:57:18 +0000] "OPTIONS /api/auth/signup HTTP/1.1" 200 4 "http://localhost:4200/" "Mozilla/5.0 (Linux; Android 6.0; Nexus 5 Build/MRA58N) AppleWebKit/537.36 (KHTML, like Gecko) Chrome/90.0.4430.212 Mobile Safari/537.36"
::1 - - [19/May/2021:17:57:18 +0000] "POST /api/auth/signup HTTP/1.1" 400 747 "http://localhost:4200/" "Mozilla/5.0 (Linux; Android 6.0; Nexus 5 Build/MRA58N) AppleWebKit/537.36 (KHTML, like Gecko) Chrome/90.0.4430.212 Mobile Safari/537.36"
::1 - - [19/May/2021:17:57:36 +0000] "OPTIONS /api/auth/signup HTTP/1.1" 200 4 "http://localhost:4200/" "Mozilla/5.0 (Linux; Android 6.0; Nexus 5 Build/MRA58N) AppleWebKit/537.36 (KHTML, like Gecko) Chrome/90.0.4430.212 Mobile Safari/537.36"
::1 - - [19/May/2021:17:57:37 +0000] "POST /api/auth/signup HTTP/1.1" 201 32 "http://localhost:4200/" "Mozilla/5.0 (Linux; Android 6.0; Nexus 5 Build/MRA58N) AppleWebKit/537.36 (KHTML, like Gecko) Chrome/90.0.4430.212 Mobile Safari/537.36"
::1 - - [19/May/2021:17:57:37 +0000] "OPTIONS /api/auth/login HTTP/1.1" 200 4 "http://localhost:4200/" "Mozilla/5.0 (Linux; Android 6.0; Nexus 5 Build/MRA58N) AppleWebKit/537.36 (KHTML, like Gecko) Chrome/90.0.4430.212 Mobile Safari/537.36"
::1 - - [19/May/2021:17:57:37 +0000] "POST /api/auth/login HTTP/1.1" 200 224 "http://localhost:4200/" "Mozilla/5.0 (Linux; Android 6.0; Nexus 5 Build/MRA58N) AppleWebKit/537.36 (KHTML, like Gecko) Chrome/90.0.4430.212 Mobile Safari/537.36"
::1 - - [19/May/2021:17:57:37 +0000] "OPTIONS /api/sauces HTTP/1.1" 200 13 "http://localhost:4200/" "Mozilla/5.0 (Linux; Android 6.0; Nexus 5 Build/MRA58N) AppleWebKit/537.36 (KHTML, like Gecko) Chrome/90.0.4430.212 Mobile Safari/537.36"
::1 - - [19/May/2021:17:57:37 +0000] "GET /api/sauces HTTP/1.1" 200 2 "http://localhost:4200/" "Mozilla/5.0 (Linux; Android 6.0; Nexus 5 Build/MRA58N) AppleWebKit/537.36 (KHTML, like Gecko) Chrome/90.0.4430.212 Mobile Safari/537.36"
::1 - - [19/May/2021:17:58:43 +0000] "OPTIONS /api/sauces HTTP/1.1" 200 13 "http://localhost:4200/" "Mozilla/5.0 (Linux; Android 6.0; Nexus 5 Build/MRA58N) AppleWebKit/537.36 (KHTML, like Gecko) Chrome/90.0.4430.212 Mobile Safari/537.36"
::1 - - [19/May/2021:17:58:43 +0000] "POST /api/sauces HTTP/1.1" 500 271 "http://localhost:4200/" "Mozilla/5.0 (Linux; Android 6.0; Nexus 5 Build/MRA58N) AppleWebKit/537.36 (KHTML, like Gecko) Chrome/90.0.4430.212 Mobile Safari/537.36"
::1 - - [19/May/2021:17:59:22 +0000] "OPTIONS /api/sauces HTTP/1.1" 200 13 "http://localhost:4200/" "Mozilla/5.0 (Linux; Android 6.0; Nexus 5 Build/MRA58N) AppleWebKit/537.36 (KHTML, like Gecko) Chrome/90.0.4430.212 Mobile Safari/537.36"
::1 - - [19/May/2021:17:59:22 +0000] "POST /api/sauces HTTP/1.1" 201 34 "http://localhost:4200/" "Mozilla/5.0 (Linux; Android 6.0; Nexus 5 Build/MRA58N) AppleWebKit/537.36 (KHTML, like Gecko) Chrome/90.0.4430.212 Mobile Safari/537.36"
::1 - - [19/May/2021:17:59:23 +0000] "GET /api/sauces HTTP/1.1" 200 310 "http://localhost:4200/" "Mozilla/5.0 (Linux; Android 6.0; Nexus 5 Build/MRA58N) AppleWebKit/537.36 (KHTML, like Gecko) Chrome/90.0.4430.212 Mobile Safari/537.36"
::1 - - [19/May/2021:17:59:23 +0000] "GET /images/20150227_132712_1621447162893.jpg HTTP/1.1" 404 179 "http://localhost:4200/" "Mozilla/5.0 (Linux; Android 6.0; Nexus 5 Build/MRA58N) AppleWebKit/537.36 (KHTML, like Gecko) Chrome/90.0.4430.212 Mobile Safari/537.36"
::1 - - [19/May/2021:18:00:09 +0000] "OPTIONS /api/auth/signup HTTP/1.1" 200 4 "http://localhost:4200/" "Mozilla/5.0 (Linux; Android 6.0; Nexus 5 Build/MRA58N) AppleWebKit/537.36 (KHTML, like Gecko) Chrome/90.0.4430.212 Mobile Safari/537.36"
::1 - - [19/May/2021:18:00:09 +0000] "POST /api/auth/signup HTTP/1.1" 400 747 "http://localhost:4200/" "Mozilla/5.0 (Linux; Android 6.0; Nexus 5 Build/MRA58N) AppleWebKit/537.36 (KHTML, like Gecko) Chrome/90.0.4430.212 Mobile Safari/537.36"
::1 - - [19/May/2021:18:00:43 +0000] "OPTIONS /api/auth/signup HTTP/1.1" 200 4 "http://localhost:4200/" "Mozilla/5.0 (Linux; Android 6.0; Nexus 5 Build/MRA58N) AppleWebKit/537.36 (KHTML, like Gecko) Chrome/90.0.4430.212 Mobile Safari/537.36"
::1 - - [19/May/2021:18:00:43 +0000] "POST /api/auth/signup HTTP/1.1" 201 32 "http://localhost:4200/" "Mozilla/5.0 (Linux; Android 6.0; Nexus 5 Build/MRA58N) AppleWebKit/537.36 (KHTML, like Gecko) Chrome/90.0.4430.212 Mobile Safari/537.36"
::1 - - [19/May/2021:18:00:43 +0000] "OPTIONS /api/auth/login HTTP/1.1" 200 4 "http://localhost:4200/" "Mozilla/5.0 (Linux; Android 6.0; Nexus 5 Build/MRA58N) AppleWebKit/537.36 (KHTML, like Gecko) Chrome/90.0.4430.212 Mobile Safari/537.36"
::1 - - [19/May/2021:18:00:43 +0000] "POST /api/auth/login HTTP/1.1" 200 224 "http://localhost:4200/" "Mozilla/5.0 (Linux; Android 6.0; Nexus 5 Build/MRA58N) AppleWebKit/537.36 (KHTML, like Gecko) Chrome/90.0.4430.212 Mobile Safari/537.36"
::1 - - [19/May/2021:18:00:43 +0000] "OPTIONS /api/sauces HTTP/1.1" 200 13 "http://localhost:4200/" "Mozilla/5.0 (Linux; Android 6.0; Nexus 5 Build/MRA58N) AppleWebKit/537.36 (KHTML, like Gecko) Chrome/90.0.4430.212 Mobile Safari/537.36"
::1 - - [19/May/2021:18:00:43 +0000] "GET /api/sauces HTTP/1.1" 304 - "http://localhost:4200/" "Mozilla/5.0 (Linux; Android 6.0; Nexus 5 Build/MRA58N) AppleWebKit/537.36 (KHTML, like Gecko) Chrome/90.0.4430.212 Mobile Safari/537.36"
::1 - - [19/May/2021:18:00:43 +0000] "GET /images/20150227_132712_1621447162893.jpg HTTP/1.1" 404 179 "http://localhost:4200/" "Mozilla/5.0 (Linux; Android 6.0; Nexus 5 Build/MRA58N) AppleWebKit/537.36 (KHTML, like Gecko) Chrome/90.0.4430.212 Mobile Safari/537.36"
::1 - - [19/May/2021:18:02:32 +0000] "OPTIONS /api/sauces HTTP/1.1" 200 13 "http://localhost:4200/" "Mozilla/5.0 (Linux; Android 6.0; Nexus 5 Build/MRA58N) AppleWebKit/537.36 (KHTML, like Gecko) Chrome/90.0.4430.212 Mobile Safari/537.36"
::1 - - [19/May/2021:18:02:32 +0000] "POST /api/sauces HTTP/1.1" 201 34 "http://localhost:4200/" "Mozilla/5.0 (Linux; Android 6.0; Nexus 5 Build/MRA58N) AppleWebKit/537.36 (KHTML, like Gecko) Chrome/90.0.4430.212 Mobile Safari/537.36"
::1 - - [19/May/2021:18:02:32 +0000] "GET /api/sauces HTTP/1.1" 200 640 "http://localhost:4200/" "Mozilla/5.0 (Linux; Android 6.0; Nexus 5 Build/MRA58N) AppleWebKit/537.36 (KHTML, like Gecko) Chrome/90.0.4430.212 Mobile Safari/537.36"
::1 - - [19/May/2021:18:02:32 +0000] "GET /images/20150227_132712_1621447162893.jpg HTTP/1.1" 404 179 "http://localhost:4200/" "Mozilla/5.0 (Linux; Android 6.0; Nexus 5 Build/MRA58N) AppleWebKit/537.36 (KHTML, like Gecko) Chrome/90.0.4430.212 Mobile Safari/537.36"
::1 - - [19/May/2021:18:02:32 +0000] "GET /images/Thick-Rich-Pizza-Sauce-finished_1621447352596.jpg HTTP/1.1" 404 195 "http://localhost:4200/" "Mozilla/5.0 (Linux; Android 6.0; Nexus 5 Build/MRA58N) AppleWebKit/537.36 (KHTML, like Gecko) Chrome/90.0.4430.212 Mobile Safari/537.36"
::1 - - [19/May/2021:18:02:42 +0000] "OPTIONS /api/sauces/60a551faa58dce1ad0e1cf51 HTTP/1.1" 200 19 "http://localhost:4200/" "Mozilla/5.0 (Linux; Android 6.0; Nexus 5 Build/MRA58N) AppleWebKit/537.36 (KHTML, like Gecko) Chrome/90.0.4430.212 Mobile Safari/537.36"
::1 - - [19/May/2021:18:02:42 +0000] "GET /api/sauces/60a551faa58dce1ad0e1cf51 HTTP/1.1" 200 308 "http://localhost:4200/" "Mozilla/5.0 (Linux; Android 6.0; Nexus 5 Build/MRA58N) AppleWebKit/537.36 (KHTML, like Gecko) Chrome/90.0.4430.212 Mobile Safari/537.36"
::1 - - [19/May/2021:18:02:42 +0000] "GET /images/20150227_132712_1621447162893.jpg HTTP/1.1" 404 179 "http://localhost:4200/" "Mozilla/5.0 (Linux; Android 6.0; Nexus 5 Build/MRA58N) AppleWebKit/537.36 (KHTML, like Gecko) Chrome/90.0.4430.212 Mobile Safari/537.36"
::1 - - [19/May/2021:18:02:45 +0000] "OPTIONS /api/sauces/60a551faa58dce1ad0e1cf51/like HTTP/1.1" 200 4 "http://localhost:4200/" "Mozilla/5.0 (Linux; Android 6.0; Nexus 5 Build/MRA58N) AppleWebKit/537.36 (KHTML, like Gecko) Chrome/90.0.4430.212 Mobile Safari/537.36"
::1 - - [19/May/2021:18:02:45 +0000] "POST /api/sauces/60a551faa58dce1ad0e1cf51/like HTTP/1.1" 200 28 "http://localhost:4200/" "Mozilla/5.0 (Linux; Android 6.0; Nexus 5 Build/MRA58N) AppleWebKit/537.36 (KHTML, like Gecko) Chrome/90.0.4430.212 Mobile Safari/537.36"
::1 - - [19/May/2021:18:02:49 +0000] "POST /api/sauces/60a551faa58dce1ad0e1cf51/like HTTP/1.1" 200 28 "http://localhost:4200/" "Mozilla/5.0 (Linux; Android 6.0; Nexus 5 Build/MRA58N) AppleWebKit/537.36 (KHTML, like Gecko) Chrome/90.0.4430.212 Mobile Safari/537.36"
::1 - - [19/May/2021:18:05:32 +0000] "OPTIONS /api/sauces HTTP/1.1" 200 13 "http://localhost:4200/" "Mozilla/5.0 (Linux; Android 6.0; Nexus 5 Build/MRA58N) AppleWebKit/537.36 (KHTML, like Gecko) Chrome/90.0.4430.212 Mobile Safari/537.36"
::1 - - [19/May/2021:18:05:32 +0000] "GET /api/sauces HTTP/1.1" 304 - "http://localhost:4200/" "Mozilla/5.0 (Linux; Android 6.0; Nexus 5 Build/MRA58N) AppleWebKit/537.36 (KHTML, like Gecko) Chrome/90.0.4430.212 Mobile Safari/537.36"
::1 - - [19/May/2021:18:05:32 +0000] "GET /images/20150227_132712_1621447162893.jpg HTTP/1.1" 404 179 "http://localhost:4200/" "Mozilla/5.0 (Linux; Android 6.0; Nexus 5 Build/MRA58N) AppleWebKit/537.36 (KHTML, like Gecko) Chrome/90.0.4430.212 Mobile Safari/537.36"
::1 - - [19/May/2021:18:05:32 +0000] "GET /images/Thick-Rich-Pizza-Sauce-finished_1621447352596.jpg HTTP/1.1" 404 195 "http://localhost:4200/" "Mozilla/5.0 (Linux; Android 6.0; Nexus 5 Build/MRA58N) AppleWebKit/537.36 (KHTML, like Gecko) Chrome/90.0.4430.212 Mobile Safari/537.36"
::1 - - [19/May/2021:18:12:03 +0000] "GET /images/Thick-Rich-Pizza-Sauce-finished_1621447352596.jpg HTTP/1.1" 404 195 "-" "Mozilla/5.0 (Windows NT 10.0; Win64; x64) AppleWebKit/537.36 (KHTML, like Gecko) Chrome/90.0.4430.212 Safari/537.36"
::1 - - [19/May/2021:18:12:35 +0000] "OPTIONS /api/auth/signup HTTP/1.1" 200 4 "http://localhost:4200/" "Mozilla/5.0 (Linux; Android 6.0; Nexus 5 Build/MRA58N) AppleWebKit/537.36 (KHTML, like Gecko) Chrome/90.0.4430.212 Mobile Safari/537.36"
::1 - - [19/May/2021:18:12:35 +0000] "POST /api/auth/signup HTTP/1.1" 201 32 "http://localhost:4200/" "Mozilla/5.0 (Linux; Android 6.0; Nexus 5 Build/MRA58N) AppleWebKit/537.36 (KHTML, like Gecko) Chrome/90.0.4430.212 Mobile Safari/537.36"
::1 - - [19/May/2021:18:12:35 +0000] "OPTIONS /api/auth/login HTTP/1.1" 200 4 "http://localhost:4200/" "Mozilla/5.0 (Linux; Android 6.0; Nexus 5 Build/MRA58N) AppleWebKit/537.36 (KHTML, like Gecko) Chrome/90.0.4430.212 Mobile Safari/537.36"
::1 - - [19/May/2021:18:12:35 +0000] "POST /api/auth/login HTTP/1.1" 200 224 "http://localhost:4200/" "Mozilla/5.0 (Linux; Android 6.0; Nexus 5 Build/MRA58N) AppleWebKit/537.36 (KHTML, like Gecko) Chrome/90.0.4430.212 Mobile Safari/537.36"
::1 - - [19/May/2021:18:12:35 +0000] "OPTIONS /api/sauces HTTP/1.1" 200 13 "http://localhost:4200/" "Mozilla/5.0 (Linux; Android 6.0; Nexus 5 Build/MRA58N) AppleWebKit/537.36 (KHTML, like Gecko) Chrome/90.0.4430.212 Mobile Safari/537.36"
::1 - - [19/May/2021:18:12:36 +0000] "GET /api/sauces HTTP/1.1" 304 - "http://localhost:4200/" "Mozilla/5.0 (Linux; Android 6.0; Nexus 5 Build/MRA58N) AppleWebKit/537.36 (KHTML, like Gecko) Chrome/90.0.4430.212 Mobile Safari/537.36"
::1 - - [19/May/2021:18:12:36 +0000] "GET /images/20150227_132712_1621447162893.jpg HTTP/1.1" 404 179 "http://localhost:4200/" "Mozilla/5.0 (Linux; Android 6.0; Nexus 5 Build/MRA58N) AppleWebKit/537.36 (KHTML, like Gecko) Chrome/90.0.4430.212 Mobile Safari/537.36"
::1 - - [19/May/2021:18:12:36 +0000] "GET /images/Thick-Rich-Pizza-Sauce-finished_1621447352596.jpg HTTP/1.1" 404 195 "http://localhost:4200/" "Mozilla/5.0 (Linux; Android 6.0; Nexus 5 Build/MRA58N) AppleWebKit/537.36 (KHTML, like Gecko) Chrome/90.0.4430.212 Mobile Safari/537.36"
::1 - - [19/May/2021:18:12:52 +0000] "OPTIONS /api/auth/login HTTP/1.1" 200 4 "http://localhost:4200/" "Mozilla/5.0 (Linux; Android 6.0; Nexus 5 Build/MRA58N) AppleWebKit/537.36 (KHTML, like Gecko) Chrome/90.0.4430.212 Mobile Safari/537.36"
::1 - - [19/May/2021:18:12:52 +0000] "POST /api/auth/login HTTP/1.1" 200 224 "http://localhost:4200/" "Mozilla/5.0 (Linux; Android 6.0; Nexus 5 Build/MRA58N) AppleWebKit/537.36 (KHTML, like Gecko) Chrome/90.0.4430.212 Mobile Safari/537.36"
::1 - - [19/May/2021:18:12:52 +0000] "OPTIONS /api/sauces HTTP/1.1" 200 13 "http://localhost:4200/" "Mozilla/5.0 (Linux; Android 6.0; Nexus 5 Build/MRA58N) AppleWebKit/537.36 (KHTML, like Gecko) Chrome/90.0.4430.212 Mobile Safari/537.36"
::1 - - [19/May/2021:18:12:52 +0000] "GET /api/sauces HTTP/1.1" 304 - "http://localhost:4200/" "Mozilla/5.0 (Linux; Android 6.0; Nexus 5 Build/MRA58N) AppleWebKit/537.36 (KHTML, like Gecko) Chrome/90.0.4430.212 Mobile Safari/537.36"
::1 - - [19/May/2021:18:12:52 +0000] "GET /images/20150227_132712_1621447162893.jpg HTTP/1.1" 404 179 "http://localhost:4200/" "Mozilla/5.0 (Linux; Android 6.0; Nexus 5 Build/MRA58N) AppleWebKit/537.36 (KHTML, like Gecko) Chrome/90.0.4430.212 Mobile Safari/537.36"
::1 - - [19/May/2021:18:12:52 +0000] "GET /images/Thick-Rich-Pizza-Sauce-finished_1621447352596.jpg HTTP/1.1" 404 195 "http://localhost:4200/" "Mozilla/5.0 (Linux; Android 6.0; Nexus 5 Build/MRA58N) AppleWebKit/537.36 (KHTML, like Gecko) Chrome/90.0.4430.212 Mobile Safari/537.36"
::1 - - [19/May/2021:18:16:12 +0000] "OPTIONS /api/sauces/60a551faa58dce1ad0e1cf51 HTTP/1.1" 200 19 "http://localhost:4200/" "Mozilla/5.0 (Linux; Android 6.0; Nexus 5 Build/MRA58N) AppleWebKit/537.36 (KHTML, like Gecko) Chrome/90.0.4430.212 Mobile Safari/537.36"
::1 - - [19/May/2021:18:16:12 +0000] "GET /api/sauces/60a551faa58dce1ad0e1cf51 HTTP/1.1" 304 - "http://localhost:4200/" "Mozilla/5.0 (Linux; Android 6.0; Nexus 5 Build/MRA58N) AppleWebKit/537.36 (KHTML, like Gecko) Chrome/90.0.4430.212 Mobile Safari/537.36"
::1 - - [19/May/2021:18:16:12 +0000] "GET /images/20150227_132712_1621447162893.jpg HTTP/1.1" 404 179 "http://localhost:4200/" "Mozilla/5.0 (Linux; Android 6.0; Nexus 5 Build/MRA58N) AppleWebKit/537.36 (KHTML, like Gecko) Chrome/90.0.4430.212 Mobile Safari/537.36"
::1 - - [19/May/2021:18:16:26 +0000] "OPTIONS /api/sauces HTTP/1.1" 200 13 "http://localhost:4200/" "Mozilla/5.0 (Linux; Android 6.0; Nexus 5 Build/MRA58N) AppleWebKit/537.36 (KHTML, like Gecko) Chrome/90.0.4430.212 Mobile Safari/537.36"
::1 - - [19/May/2021:18:16:26 +0000] "GET /api/sauces HTTP/1.1" 304 - "http://localhost:4200/" "Mozilla/5.0 (Linux; Android 6.0; Nexus 5 Build/MRA58N) AppleWebKit/537.36 (KHTML, like Gecko) Chrome/90.0.4430.212 Mobile Safari/537.36"
::1 - - [19/May/2021:18:16:26 +0000] "GET /images/20150227_132712_1621447162893.jpg HTTP/1.1" 404 179 "http://localhost:4200/" "Mozilla/5.0 (Linux; Android 6.0; Nexus 5 Build/MRA58N) AppleWebKit/537.36 (KHTML, like Gecko) Chrome/90.0.4430.212 Mobile Safari/537.36"
::1 - - [19/May/2021:18:16:26 +0000] "GET /images/Thick-Rich-Pizza-Sauce-finished_1621447352596.jpg HTTP/1.1" 404 195 "http://localhost:4200/" "Mozilla/5.0 (Linux; Android 6.0; Nexus 5 Build/MRA58N) AppleWebKit/537.36 (KHTML, like Gecko) Chrome/90.0.4430.212 Mobile Safari/537.36"
::1 - - [19/May/2021:18:17:03 +0000] "OPTIONS /api/sauces/60a551faa58dce1ad0e1cf51 HTTP/1.1" 200 19 "http://localhost:4200/" "Mozilla/5.0 (Linux; Android 6.0; Nexus 5 Build/MRA58N) AppleWebKit/537.36 (KHTML, like Gecko) Chrome/90.0.4430.212 Mobile Safari/537.36"
::1 - - [19/May/2021:18:17:03 +0000] "GET /api/sauces/60a551faa58dce1ad0e1cf51 HTTP/1.1" 304 - "http://localhost:4200/" "Mozilla/5.0 (Linux; Android 6.0; Nexus 5 Build/MRA58N) AppleWebKit/537.36 (KHTML, like Gecko) Chrome/90.0.4430.212 Mobile Safari/537.36"
::1 - - [19/May/2021:18:17:03 +0000] "GET /images/20150227_132712_1621447162893.jpg HTTP/1.1" 404 179 "http://localhost:4200/" "Mozilla/5.0 (Linux; Android 6.0; Nexus 5 Build/MRA58N) AppleWebKit/537.36 (KHTML, like Gecko) Chrome/90.0.4430.212 Mobile Safari/537.36"
::1 - - [19/May/2021:18:17:08 +0000] "OPTIONS /api/sauces/60a551faa58dce1ad0e1cf51/like HTTP/1.1" 200 4 "http://localhost:4200/" "Mozilla/5.0 (Linux; Android 6.0; Nexus 5 Build/MRA58N) AppleWebKit/537.36 (KHTML, like Gecko) Chrome/90.0.4430.212 Mobile Safari/537.36"
::1 - - [19/May/2021:18:17:08 +0000] "POST /api/sauces/60a551faa58dce1ad0e1cf51/like HTTP/1.1" 200 28 "http://localhost:4200/" "Mozilla/5.0 (Linux; Android 6.0; Nexus 5 Build/MRA58N) AppleWebKit/537.36 (KHTML, like Gecko) Chrome/90.0.4430.212 Mobile Safari/537.36"
::1 - - [19/May/2021:18:17:23 +0000] "OPTIONS /api/sauces HTTP/1.1" 200 13 "http://localhost:4200/" "Mozilla/5.0 (Linux; Android 6.0; Nexus 5 Build/MRA58N) AppleWebKit/537.36 (KHTML, like Gecko) Chrome/90.0.4430.212 Mobile Safari/537.36"
::1 - - [19/May/2021:18:17:23 +0000] "GET /api/sauces HTTP/1.1" 200 666 "http://localhost:4200/" "Mozilla/5.0 (Linux; Android 6.0; Nexus 5 Build/MRA58N) AppleWebKit/537.36 (KHTML, like Gecko) Chrome/90.0.4430.212 Mobile Safari/537.36"
::1 - - [19/May/2021:18:17:23 +0000] "GET /images/20150227_132712_1621447162893.jpg HTTP/1.1" 404 179 "http://localhost:4200/" "Mozilla/5.0 (Linux; Android 6.0; Nexus 5 Build/MRA58N) AppleWebKit/537.36 (KHTML, like Gecko) Chrome/90.0.4430.212 Mobile Safari/537.36"
::1 - - [19/May/2021:18:17:23 +0000] "GET /images/Thick-Rich-Pizza-Sauce-finished_1621447352596.jpg HTTP/1.1" 404 195 "http://localhost:4200/" "Mozilla/5.0 (Linux; Android 6.0; Nexus 5 Build/MRA58N) AppleWebKit/537.36 (KHTML, like Gecko) Chrome/90.0.4430.212 Mobile Safari/537.36"
::1 - - [19/May/2021:18:17:44 +0000] "GET /images/Thick-Rich-Pizza-Sauce-finished_1621447352596.jpg HTTP/1.1" 404 195 "-" "Mozilla/5.0 (Windows NT 10.0; Win64; x64) AppleWebKit/537.36 (KHTML, like Gecko) Chrome/90.0.4430.212 Safari/537.36"
::1 - - [19/May/2021:18:20:25 +0000] "OPTIONS /api/sauces HTTP/1.1" 200 13 "http://localhost:4200/" "Mozilla/5.0 (Linux; Android 6.0; Nexus 5 Build/MRA58N) AppleWebKit/537.36 (KHTML, like Gecko) Chrome/90.0.4430.212 Mobile Safari/537.36"
::1 - - [19/May/2021:18:20:25 +0000] "GET /api/sauces HTTP/1.1" 401 11 "http://localhost:4200/" "Mozilla/5.0 (Linux; Android 6.0; Nexus 5 Build/MRA58N) AppleWebKit/537.36 (KHTML, like Gecko) Chrome/90.0.4430.212 Mobile Safari/537.36"
::1 - - [19/May/2021:18:21:48 +0000] "OPTIONS /api/sauces HTTP/1.1" 200 13 "http://localhost:4200/" "Mozilla/5.0 (Linux; Android 6.0; Nexus 5 Build/MRA58N) AppleWebKit/537.36 (KHTML, like Gecko) Chrome/90.0.4430.212 Mobile Safari/537.36"
::1 - - [19/May/2021:18:21:48 +0000] "POST /api/sauces HTTP/1.1" 401 11 "http://localhost:4200/" "Mozilla/5.0 (Linux; Android 6.0; Nexus 5 Build/MRA58N) AppleWebKit/537.36 (KHTML, like Gecko) Chrome/90.0.4430.212 Mobile Safari/537.36"
::1 - - [19/May/2021:18:22:06 +0000] "OPTIONS /api/sauces HTTP/1.1" 200 13 "http://localhost:4200/" "Mozilla/5.0 (Linux; Android 6.0; Nexus 5 Build/MRA58N) AppleWebKit/537.36 (KHTML, like Gecko) Chrome/90.0.4430.212 Mobile Safari/537.36"
::1 - - [19/May/2021:18:22:06 +0000] "POST /api/sauces HTTP/1.1" 401 11 "http://localhost:4200/" "Mozilla/5.0 (Linux; Android 6.0; Nexus 5 Build/MRA58N) AppleWebKit/537.36 (KHTML, like Gecko) Chrome/90.0.4430.212 Mobile Safari/537.36"
::1 - - [19/May/2021:18:25:22 +0000] "OPTIONS /api/auth/signup HTTP/1.1" 200 4 "http://localhost:4200/" "Mozilla/5.0 (Windows NT 10.0; Win64; x64) AppleWebKit/537.36 (KHTML, like Gecko) Chrome/90.0.4430.212 Safari/537.36"
::1 - - [19/May/2021:18:25:22 +0000] "POST /api/auth/signup HTTP/1.1" 400 747 "http://localhost:4200/" "Mozilla/5.0 (Windows NT 10.0; Win64; x64) AppleWebKit/537.36 (KHTML, like Gecko) Chrome/90.0.4430.212 Safari/537.36"
::1 - - [19/May/2021:18:26:29 +0000] "OPTIONS /api/auth/signup HTTP/1.1" 200 4 "http://localhost:4200/" "Mozilla/5.0 (Windows NT 10.0; Win64; x64) AppleWebKit/537.36 (KHTML, like Gecko) Chrome/90.0.4430.212 Safari/537.36"
::1 - - [19/May/2021:18:26:29 +0000] "POST /api/auth/signup HTTP/1.1" 201 32 "http://localhost:4200/" "Mozilla/5.0 (Windows NT 10.0; Win64; x64) AppleWebKit/537.36 (KHTML, like Gecko) Chrome/90.0.4430.212 Safari/537.36"
::1 - - [19/May/2021:18:26:29 +0000] "OPTIONS /api/auth/login HTTP/1.1" 200 4 "http://localhost:4200/" "Mozilla/5.0 (Windows NT 10.0; Win64; x64) AppleWebKit/537.36 (KHTML, like Gecko) Chrome/90.0.4430.212 Safari/537.36"
::1 - - [19/May/2021:18:26:29 +0000] "POST /api/auth/login HTTP/1.1" 200 224 "http://localhost:4200/" "Mozilla/5.0 (Windows NT 10.0; Win64; x64) AppleWebKit/537.36 (KHTML, like Gecko) Chrome/90.0.4430.212 Safari/537.36"
::1 - - [19/May/2021:18:26:29 +0000] "OPTIONS /api/sauces HTTP/1.1" 200 13 "http://localhost:4200/" "Mozilla/5.0 (Windows NT 10.0; Win64; x64) AppleWebKit/537.36 (KHTML, like Gecko) Chrome/90.0.4430.212 Safari/537.36"
::1 - - [19/May/2021:18:26:29 +0000] "GET /api/sauces HTTP/1.1" 401 11 "http://localhost:4200/" "Mozilla/5.0 (Windows NT 10.0; Win64; x64) AppleWebKit/537.36 (KHTML, like Gecko) Chrome/90.0.4430.212 Safari/537.36"
::1 - - [19/May/2021:18:27:02 +0000] "OPTIONS /api/sauces HTTP/1.1" 200 13 "http://localhost:4200/" "Mozilla/5.0 (Windows NT 10.0; Win64; x64) AppleWebKit/537.36 (KHTML, like Gecko) Chrome/90.0.4430.212 Safari/537.36"
::1 - - [19/May/2021:18:27:02 +0000] "POST /api/sauces HTTP/1.1" 401 11 "http://localhost:4200/" "Mozilla/5.0 (Windows NT 10.0; Win64; x64) AppleWebKit/537.36 (KHTML, like Gecko) Chrome/90.0.4430.212 Safari/537.36"
::1 - - [19/May/2021:18:30:34 +0000] "OPTIONS /api/sauces HTTP/1.1" 200 13 "http://localhost:4200/" "Mozilla/5.0 (Linux; Android 6.0; Nexus 5 Build/MRA58N) AppleWebKit/537.36 (KHTML, like Gecko) Chrome/90.0.4430.212 Mobile Safari/537.36"
::1 - - [19/May/2021:18:30:34 +0000] "POST /api/sauces HTTP/1.1" 401 11 "http://localhost:4200/" "Mozilla/5.0 (Linux; Android 6.0; Nexus 5 Build/MRA58N) AppleWebKit/537.36 (KHTML, like Gecko) Chrome/90.0.4430.212 Mobile Safari/537.36"
::1 - - [19/May/2021:18:31:03 +0000] "OPTIONS /api/auth/signup HTTP/1.1" 200 4 "http://localhost:4200/" "Mozilla/5.0 (Linux; Android 6.0; Nexus 5 Build/MRA58N) AppleWebKit/537.36 (KHTML, like Gecko) Chrome/90.0.4430.212 Mobile Safari/537.36"
::1 - - [19/May/2021:18:31:04 +0000] "POST /api/auth/signup HTTP/1.1" 201 32 "http://localhost:4200/" "Mozilla/5.0 (Linux; Android 6.0; Nexus 5 Build/MRA58N) AppleWebKit/537.36 (KHTML, like Gecko) Chrome/90.0.4430.212 Mobile Safari/537.36"
::1 - - [19/May/2021:18:31:04 +0000] "OPTIONS /api/auth/login HTTP/1.1" 200 4 "http://localhost:4200/" "Mozilla/5.0 (Linux; Android 6.0; Nexus 5 Build/MRA58N) AppleWebKit/537.36 (KHTML, like Gecko) Chrome/90.0.4430.212 Mobile Safari/537.36"
::1 - - [19/May/2021:18:31:04 +0000] "POST /api/auth/login HTTP/1.1" 200 224 "http://localhost:4200/" "Mozilla/5.0 (Linux; Android 6.0; Nexus 5 Build/MRA58N) AppleWebKit/537.36 (KHTML, like Gecko) Chrome/90.0.4430.212 Mobile Safari/537.36"
::1 - - [19/May/2021:18:31:04 +0000] "OPTIONS /api/sauces HTTP/1.1" 200 13 "http://localhost:4200/" "Mozilla/5.0 (Linux; Android 6.0; Nexus 5 Build/MRA58N) AppleWebKit/537.36 (KHTML, like Gecko) Chrome/90.0.4430.212 Mobile Safari/537.36"
::1 - - [19/May/2021:18:31:04 +0000] "GET /api/sauces HTTP/1.1" 401 11 "http://localhost:4200/" "Mozilla/5.0 (Linux; Android 6.0; Nexus 5 Build/MRA58N) AppleWebKit/537.36 (KHTML, like Gecko) Chrome/90.0.4430.212 Mobile Safari/537.36"
::1 - - [19/May/2021:18:31:40 +0000] "OPTIONS /api/sauces HTTP/1.1" 200 13 "http://localhost:4200/" "Mozilla/5.0 (Linux; Android 6.0; Nexus 5 Build/MRA58N) AppleWebKit/537.36 (KHTML, like Gecko) Chrome/90.0.4430.212 Mobile Safari/537.36"
::1 - - [19/May/2021:18:31:40 +0000] "POST /api/sauces HTTP/1.1" 401 11 "http://localhost:4200/" "Mozilla/5.0 (Linux; Android 6.0; Nexus 5 Build/MRA58N) AppleWebKit/537.36 (KHTML, like Gecko) Chrome/90.0.4430.212 Mobile Safari/537.36"
::1 - - [19/May/2021:18:32:11 +0000] "OPTIONS /api/sauces HTTP/1.1" 200 13 "http://localhost:4200/" "Mozilla/5.0 (Linux; Android 6.0; Nexus 5 Build/MRA58N) AppleWebKit/537.36 (KHTML, like Gecko) Chrome/90.0.4430.212 Mobile Safari/537.36"
::1 - - [19/May/2021:18:32:11 +0000] "POST /api/sauces HTTP/1.1" 201 34 "http://localhost:4200/" "Mozilla/5.0 (Linux; Android 6.0; Nexus 5 Build/MRA58N) AppleWebKit/537.36 (KHTML, like Gecko) Chrome/90.0.4430.212 Mobile Safari/537.36"
::1 - - [19/May/2021:18:32:11 +0000] "GET /api/sauces HTTP/1.1" 200 975 "http://localhost:4200/" "Mozilla/5.0 (Linux; Android 6.0; Nexus 5 Build/MRA58N) AppleWebKit/537.36 (KHTML, like Gecko) Chrome/90.0.4430.212 Mobile Safari/537.36"
::1 - - [19/May/2021:18:32:11 +0000] "GET /images/20150227_132712_1621447162893.jpg HTTP/1.1" 404 179 "http://localhost:4200/" "Mozilla/5.0 (Linux; Android 6.0; Nexus 5 Build/MRA58N) AppleWebKit/537.36 (KHTML, like Gecko) Chrome/90.0.4430.212 Mobile Safari/537.36"
::1 - - [19/May/2021:18:32:11 +0000] "GET /images/dijon_mustard_1621449131532.jpg HTTP/1.1" 404 177 "http://localhost:4200/" "Mozilla/5.0 (Linux; Android 6.0; Nexus 5 Build/MRA58N) AppleWebKit/537.36 (KHTML, like Gecko) Chrome/90.0.4430.212 Mobile Safari/537.36"
::1 - - [19/May/2021:18:32:11 +0000] "GET /images/Thick-Rich-Pizza-Sauce-finished_1621447352596.jpg HTTP/1.1" 404 195 "http://localhost:4200/" "Mozilla/5.0 (Linux; Android 6.0; Nexus 5 Build/MRA58N) AppleWebKit/537.36 (KHTML, like Gecko) Chrome/90.0.4430.212 Mobile Safari/537.36"
::1 - - [19/May/2021:18:32:48 +0000] "OPTIONS /api/sauces/60a552b8a58dce1ad0e1cf54 HTTP/1.1" 200 19 "http://localhost:4200/" "Mozilla/5.0 (Linux; Android 6.0; Nexus 5 Build/MRA58N) AppleWebKit/537.36 (KHTML, like Gecko) Chrome/90.0.4430.212 Mobile Safari/537.36"
::1 - - [19/May/2021:18:32:48 +0000] "GET /api/sauces/60a552b8a58dce1ad0e1cf54 HTTP/1.1" 200 329 "http://localhost:4200/" "Mozilla/5.0 (Linux; Android 6.0; Nexus 5 Build/MRA58N) AppleWebKit/537.36 (KHTML, like Gecko) Chrome/90.0.4430.212 Mobile Safari/537.36"
::1 - - [19/May/2021:18:32:48 +0000] "GET /images/Thick-Rich-Pizza-Sauce-finished_1621447352596.jpg HTTP/1.1" 404 195 "http://localhost:4200/" "Mozilla/5.0 (Linux; Android 6.0; Nexus 5 Build/MRA58N) AppleWebKit/537.36 (KHTML, like Gecko) Chrome/90.0.4430.212 Mobile Safari/537.36"
::1 - - [19/May/2021:18:32:54 +0000] "OPTIONS /api/sauces HTTP/1.1" 200 13 "http://localhost:4200/" "Mozilla/5.0 (Linux; Android 6.0; Nexus 5 Build/MRA58N) AppleWebKit/537.36 (KHTML, like Gecko) Chrome/90.0.4430.212 Mobile Safari/537.36"
::1 - - [19/May/2021:18:32:54 +0000] "GET /api/sauces HTTP/1.1" 304 - "http://localhost:4200/" "Mozilla/5.0 (Linux; Android 6.0; Nexus 5 Build/MRA58N) AppleWebKit/537.36 (KHTML, like Gecko) Chrome/90.0.4430.212 Mobile Safari/537.36"
::1 - - [19/May/2021:18:32:54 +0000] "GET /images/20150227_132712_1621447162893.jpg HTTP/1.1" 404 179 "http://localhost:4200/" "Mozilla/5.0 (Linux; Android 6.0; Nexus 5 Build/MRA58N) AppleWebKit/537.36 (KHTML, like Gecko) Chrome/90.0.4430.212 Mobile Safari/537.36"
::1 - - [19/May/2021:18:32:54 +0000] "GET /images/Thick-Rich-Pizza-Sauce-finished_1621447352596.jpg HTTP/1.1" 404 195 "http://localhost:4200/" "Mozilla/5.0 (Linux; Android 6.0; Nexus 5 Build/MRA58N) AppleWebKit/537.36 (KHTML, like Gecko) Chrome/90.0.4430.212 Mobile Safari/537.36"
::1 - - [19/May/2021:18:32:54 +0000] "GET /images/dijon_mustard_1621449131532.jpg HTTP/1.1" 404 177 "http://localhost:4200/" "Mozilla/5.0 (Linux; Android 6.0; Nexus 5 Build/MRA58N) AppleWebKit/537.36 (KHTML, like Gecko) Chrome/90.0.4430.212 Mobile Safari/537.36"
::1 - - [19/May/2021:18:32:54 +0000] "OPTIONS /api/sauces/60a551faa58dce1ad0e1cf51 HTTP/1.1" 200 19 "http://localhost:4200/" "Mozilla/5.0 (Linux; Android 6.0; Nexus 5 Build/MRA58N) AppleWebKit/537.36 (KHTML, like Gecko) Chrome/90.0.4430.212 Mobile Safari/537.36"
::1 - - [19/May/2021:18:32:54 +0000] "GET /api/sauces/60a551faa58dce1ad0e1cf51 HTTP/1.1" 200 334 "http://localhost:4200/" "Mozilla/5.0 (Linux; Android 6.0; Nexus 5 Build/MRA58N) AppleWebKit/537.36 (KHTML, like Gecko) Chrome/90.0.4430.212 Mobile Safari/537.36"
::1 - - [19/May/2021:18:32:54 +0000] "GET /images/20150227_132712_1621447162893.jpg HTTP/1.1" 404 179 "http://localhost:4200/" "Mozilla/5.0 (Linux; Android 6.0; Nexus 5 Build/MRA58N) AppleWebKit/537.36 (KHTML, like Gecko) Chrome/90.0.4430.212 Mobile Safari/537.36"
::1 - - [19/May/2021:18:32:56 +0000] "GET /api/sauces HTTP/1.1" 304 - "http://localhost:4200/" "Mozilla/5.0 (Linux; Android 6.0; Nexus 5 Build/MRA58N) AppleWebKit/537.36 (KHTML, like Gecko) Chrome/90.0.4430.212 Mobile Safari/537.36"
::1 - - [19/May/2021:18:32:56 +0000] "GET /images/20150227_132712_1621447162893.jpg HTTP/1.1" 404 179 "http://localhost:4200/" "Mozilla/5.0 (Linux; Android 6.0; Nexus 5 Build/MRA58N) AppleWebKit/537.36 (KHTML, like Gecko) Chrome/90.0.4430.212 Mobile Safari/537.36"
::1 - - [19/May/2021:18:32:56 +0000] "GET /images/Thick-Rich-Pizza-Sauce-finished_1621447352596.jpg HTTP/1.1" 404 195 "http://localhost:4200/" "Mozilla/5.0 (Linux; Android 6.0; Nexus 5 Build/MRA58N) AppleWebKit/537.36 (KHTML, like Gecko) Chrome/90.0.4430.212 Mobile Safari/537.36"
::1 - - [19/May/2021:18:32:56 +0000] "GET /images/dijon_mustard_1621449131532.jpg HTTP/1.1" 404 177 "http://localhost:4200/" "Mozilla/5.0 (Linux; Android 6.0; Nexus 5 Build/MRA58N) AppleWebKit/537.36 (KHTML, like Gecko) Chrome/90.0.4430.212 Mobile Safari/537.36"
::1 - - [20/May/2021:13:36:27 +0000] "OPTIONS /api/auth/signup HTTP/1.1" 200 4 "http://localhost:4200/" "Mozilla/5.0 (Windows NT 10.0; Win64; x64) AppleWebKit/537.36 (KHTML, like Gecko) Chrome/90.0.4430.212 Safari/537.36"
::1 - - [20/May/2021:13:36:28 +0000] "POST /api/auth/signup HTTP/1.1" 201 32 "http://localhost:4200/" "Mozilla/5.0 (Windows NT 10.0; Win64; x64) AppleWebKit/537.36 (KHTML, like Gecko) Chrome/90.0.4430.212 Safari/537.36"
::1 - - [20/May/2021:13:36:28 +0000] "OPTIONS /api/auth/login HTTP/1.1" 200 4 "http://localhost:4200/" "Mozilla/5.0 (Windows NT 10.0; Win64; x64) AppleWebKit/537.36 (KHTML, like Gecko) Chrome/90.0.4430.212 Safari/537.36"
::1 - - [20/May/2021:13:36:28 +0000] "POST /api/auth/login HTTP/1.1" 200 224 "http://localhost:4200/" "Mozilla/5.0 (Windows NT 10.0; Win64; x64) AppleWebKit/537.36 (KHTML, like Gecko) Chrome/90.0.4430.212 Safari/537.36"
::1 - - [20/May/2021:13:36:28 +0000] "OPTIONS /api/sauces HTTP/1.1" 200 13 "http://localhost:4200/" "Mozilla/5.0 (Windows NT 10.0; Win64; x64) AppleWebKit/537.36 (KHTML, like Gecko) Chrome/90.0.4430.212 Safari/537.36"
::1 - - [20/May/2021:13:36:28 +0000] "GET /api/sauces HTTP/1.1" 304 - "http://localhost:4200/" "Mozilla/5.0 (Windows NT 10.0; Win64; x64) AppleWebKit/537.36 (KHTML, like Gecko) Chrome/90.0.4430.212 Safari/537.36"
::1 - - [20/May/2021:13:36:28 +0000] "GET /images/20150227_132712_1621447162893.jpg HTTP/1.1" 404 179 "http://localhost:4200/" "Mozilla/5.0 (Windows NT 10.0; Win64; x64) AppleWebKit/537.36 (KHTML, like Gecko) Chrome/90.0.4430.212 Safari/537.36"
::1 - - [20/May/2021:13:36:28 +0000] "GET /images/Thick-Rich-Pizza-Sauce-finished_1621447352596.jpg HTTP/1.1" 404 195 "http://localhost:4200/" "Mozilla/5.0 (Windows NT 10.0; Win64; x64) AppleWebKit/537.36 (KHTML, like Gecko) Chrome/90.0.4430.212 Safari/537.36"
::1 - - [20/May/2021:13:36:28 +0000] "GET /images/dijon_mustard_1621449131532.jpg HTTP/1.1" 404 177 "http://localhost:4200/" "Mozilla/5.0 (Windows NT 10.0; Win64; x64) AppleWebKit/537.36 (KHTML, like Gecko) Chrome/90.0.4430.212 Safari/537.36"
::1 - - [20/May/2021:13:36:36 +0000] "OPTIONS /api/sauces/60a551faa58dce1ad0e1cf51 HTTP/1.1" 200 19 "http://localhost:4200/" "Mozilla/5.0 (Windows NT 10.0; Win64; x64) AppleWebKit/537.36 (KHTML, like Gecko) Chrome/90.0.4430.212 Safari/537.36"
::1 - - [20/May/2021:13:36:36 +0000] "GET /api/sauces/60a551faa58dce1ad0e1cf51 HTTP/1.1" 304 - "http://localhost:4200/" "Mozilla/5.0 (Windows NT 10.0; Win64; x64) AppleWebKit/537.36 (KHTML, like Gecko) Chrome/90.0.4430.212 Safari/537.36"
::1 - - [20/May/2021:13:36:36 +0000] "GET /images/20150227_132712_1621447162893.jpg HTTP/1.1" 404 179 "http://localhost:4200/" "Mozilla/5.0 (Windows NT 10.0; Win64; x64) AppleWebKit/537.36 (KHTML, like Gecko) Chrome/90.0.4430.212 Safari/537.36"
::1 - - [20/May/2021:13:36:37 +0000] "OPTIONS /api/sauces/60a551faa58dce1ad0e1cf51/like HTTP/1.1" 200 4 "http://localhost:4200/" "Mozilla/5.0 (Windows NT 10.0; Win64; x64) AppleWebKit/537.36 (KHTML, like Gecko) Chrome/90.0.4430.212 Safari/537.36"
::1 - - [20/May/2021:13:36:37 +0000] "POST /api/sauces/60a551faa58dce1ad0e1cf51/like HTTP/1.1" 200 28 "http://localhost:4200/" "Mozilla/5.0 (Windows NT 10.0; Win64; x64) AppleWebKit/537.36 (KHTML, like Gecko) Chrome/90.0.4430.212 Safari/537.36"
::1 - - [20/May/2021:13:36:41 +0000] "OPTIONS /api/sauces HTTP/1.1" 200 13 "http://localhost:4200/" "Mozilla/5.0 (Windows NT 10.0; Win64; x64) AppleWebKit/537.36 (KHTML, like Gecko) Chrome/90.0.4430.212 Safari/537.36"
::1 - - [20/May/2021:13:36:41 +0000] "GET /api/sauces HTTP/1.1" 200 1002 "http://localhost:4200/" "Mozilla/5.0 (Windows NT 10.0; Win64; x64) AppleWebKit/537.36 (KHTML, like Gecko) Chrome/90.0.4430.212 Safari/537.36"
::1 - - [20/May/2021:13:36:41 +0000] "GET /images/20150227_132712_1621447162893.jpg HTTP/1.1" 404 179 "http://localhost:4200/" "Mozilla/5.0 (Windows NT 10.0; Win64; x64) AppleWebKit/537.36 (KHTML, like Gecko) Chrome/90.0.4430.212 Safari/537.36"
::1 - - [20/May/2021:13:36:41 +0000] "GET /images/Thick-Rich-Pizza-Sauce-finished_1621447352596.jpg HTTP/1.1" 404 195 "http://localhost:4200/" "Mozilla/5.0 (Windows NT 10.0; Win64; x64) AppleWebKit/537.36 (KHTML, like Gecko) Chrome/90.0.4430.212 Safari/537.36"
::1 - - [20/May/2021:13:36:41 +0000] "GET /images/dijon_mustard_1621449131532.jpg HTTP/1.1" 404 177 "http://localhost:4200/" "Mozilla/5.0 (Windows NT 10.0; Win64; x64) AppleWebKit/537.36 (KHTML, like Gecko) Chrome/90.0.4430.212 Safari/537.36"
::1 - - [20/May/2021:13:37:33 +0000] "OPTIONS /api/sauces HTTP/1.1" 200 13 "http://localhost:4200/" "Mozilla/5.0 (Windows NT 10.0; Win64; x64) AppleWebKit/537.36 (KHTML, like Gecko) Chrome/90.0.4430.212 Safari/537.36"
::1 - - [20/May/2021:13:37:34 +0000] "POST /api/sauces HTTP/1.1" 201 34 "http://localhost:4200/" "Mozilla/5.0 (Windows NT 10.0; Win64; x64) AppleWebKit/537.36 (KHTML, like Gecko) Chrome/90.0.4430.212 Safari/537.36"
::1 - - [20/May/2021:13:37:34 +0000] "GET /api/sauces HTTP/1.1" 200 1333 "http://localhost:4200/" "Mozilla/5.0 (Windows NT 10.0; Win64; x64) AppleWebKit/537.36 (KHTML, like Gecko) Chrome/90.0.4430.212 Safari/537.36"
::1 - - [20/May/2021:13:37:34 +0000] "GET /images/20150227_132712_1621447162893.jpg HTTP/1.1" 404 179 "http://localhost:4200/" "Mozilla/5.0 (Windows NT 10.0; Win64; x64) AppleWebKit/537.36 (KHTML, like Gecko) Chrome/90.0.4430.212 Safari/537.36"
::1 - - [20/May/2021:13:37:34 +0000] "GET /images/Thick-Rich-Pizza-Sauce-finished_1621447352596.jpg HTTP/1.1" 404 195 "http://localhost:4200/" "Mozilla/5.0 (Windows NT 10.0; Win64; x64) AppleWebKit/537.36 (KHTML, like Gecko) Chrome/90.0.4430.212 Safari/537.36"
::1 - - [20/May/2021:13:37:34 +0000] "GET /images/dijon_mustard_1621449131532.jpg HTTP/1.1" 404 177 "http://localhost:4200/" "Mozilla/5.0 (Windows NT 10.0; Win64; x64) AppleWebKit/537.36 (KHTML, like Gecko) Chrome/90.0.4430.212 Safari/537.36"
::1 - - [20/May/2021:13:37:34 +0000] "GET /images/erreur_1621517853991.png HTTP/1.1" 404 170 "http://localhost:4200/" "Mozilla/5.0 (Windows NT 10.0; Win64; x64) AppleWebKit/537.36 (KHTML, like Gecko) Chrome/90.0.4430.212 Safari/537.36"
::1 - - [20/May/2021:13:37:45 +0000] "OPTIONS /api/sauces/60a6661daf8a0a3fa80f400e HTTP/1.1" 200 19 "http://localhost:4200/" "Mozilla/5.0 (Windows NT 10.0; Win64; x64) AppleWebKit/537.36 (KHTML, like Gecko) Chrome/90.0.4430.212 Safari/537.36"
::1 - - [20/May/2021:13:37:45 +0000] "GET /api/sauces/60a6661daf8a0a3fa80f400e HTTP/1.1" 200 330 "http://localhost:4200/" "Mozilla/5.0 (Windows NT 10.0; Win64; x64) AppleWebKit/537.36 (KHTML, like Gecko) Chrome/90.0.4430.212 Safari/537.36"
::1 - - [20/May/2021:13:37:45 +0000] "GET /images/erreur_1621517853991.png HTTP/1.1" 404 170 "http://localhost:4200/" "Mozilla/5.0 (Windows NT 10.0; Win64; x64) AppleWebKit/537.36 (KHTML, like Gecko) Chrome/90.0.4430.212 Safari/537.36"
::1 - - [20/May/2021:13:37:49 +0000] "OPTIONS /api/sauces/60a6661daf8a0a3fa80f400e/like HTTP/1.1" 200 4 "http://localhost:4200/" "Mozilla/5.0 (Windows NT 10.0; Win64; x64) AppleWebKit/537.36 (KHTML, like Gecko) Chrome/90.0.4430.212 Safari/537.36"
::1 - - [20/May/2021:13:37:49 +0000] "POST /api/sauces/60a6661daf8a0a3fa80f400e/like HTTP/1.1" 200 28 "http://localhost:4200/" "Mozilla/5.0 (Windows NT 10.0; Win64; x64) AppleWebKit/537.36 (KHTML, like Gecko) Chrome/90.0.4430.212 Safari/537.36"
::1 - - [20/May/2021:13:37:50 +0000] "OPTIONS /api/sauces/60a6661daf8a0a3fa80f400e HTTP/1.1" 200 19 "http://localhost:4200/" "Mozilla/5.0 (Windows NT 10.0; Win64; x64) AppleWebKit/537.36 (KHTML, like Gecko) Chrome/90.0.4430.212 Safari/537.36"
::1 - - [20/May/2021:13:37:50 +0000] "GET /api/sauces/60a6661daf8a0a3fa80f400e HTTP/1.1" 200 356 "http://localhost:4200/" "Mozilla/5.0 (Windows NT 10.0; Win64; x64) AppleWebKit/537.36 (KHTML, like Gecko) Chrome/90.0.4430.212 Safari/537.36"
::1 - - [20/May/2021:13:37:50 +0000] "GET /images/erreur_1621517853991.png HTTP/1.1" 404 170 "http://localhost:4200/" "Mozilla/5.0 (Windows NT 10.0; Win64; x64) AppleWebKit/537.36 (KHTML, like Gecko) Chrome/90.0.4430.212 Safari/537.36"
::1 - - [20/May/2021:13:37:55 +0000] "PUT /api/sauces/60a6661daf8a0a3fa80f400e HTTP/1.1" 200 30 "http://localhost:4200/" "Mozilla/5.0 (Windows NT 10.0; Win64; x64) AppleWebKit/537.36 (KHTML, like Gecko) Chrome/90.0.4430.212 Safari/537.36"
::1 - - [20/May/2021:13:37:55 +0000] "OPTIONS /api/sauces HTTP/1.1" 200 13 "http://localhost:4200/" "Mozilla/5.0 (Windows NT 10.0; Win64; x64) AppleWebKit/537.36 (KHTML, like Gecko) Chrome/90.0.4430.212 Safari/537.36"
::1 - - [20/May/2021:13:37:55 +0000] "GET /api/sauces HTTP/1.1" 200 1360 "http://localhost:4200/" "Mozilla/5.0 (Windows NT 10.0; Win64; x64) AppleWebKit/537.36 (KHTML, like Gecko) Chrome/90.0.4430.212 Safari/537.36"
::1 - - [20/May/2021:13:37:55 +0000] "GET /images/20150227_132712_1621447162893.jpg HTTP/1.1" 404 179 "http://localhost:4200/" "Mozilla/5.0 (Windows NT 10.0; Win64; x64) AppleWebKit/537.36 (KHTML, like Gecko) Chrome/90.0.4430.212 Safari/537.36"
::1 - - [20/May/2021:13:37:55 +0000] "GET /images/Thick-Rich-Pizza-Sauce-finished_1621447352596.jpg HTTP/1.1" 404 195 "http://localhost:4200/" "Mozilla/5.0 (Windows NT 10.0; Win64; x64) AppleWebKit/537.36 (KHTML, like Gecko) Chrome/90.0.4430.212 Safari/537.36"
::1 - - [20/May/2021:13:37:55 +0000] "GET /images/dijon_mustard_1621449131532.jpg HTTP/1.1" 404 177 "http://localhost:4200/" "Mozilla/5.0 (Windows NT 10.0; Win64; x64) AppleWebKit/537.36 (KHTML, like Gecko) Chrome/90.0.4430.212 Safari/537.36"
::1 - - [20/May/2021:13:37:55 +0000] "GET /images/erreur_1621517853991.png HTTP/1.1" 404 170 "http://localhost:4200/" "Mozilla/5.0 (Windows NT 10.0; Win64; x64) AppleWebKit/537.36 (KHTML, like Gecko) Chrome/90.0.4430.212 Safari/537.36"
::1 - - [20/May/2021:13:37:58 +0000] "OPTIONS /api/sauces/60a6661daf8a0a3fa80f400e HTTP/1.1" 200 19 "http://localhost:4200/" "Mozilla/5.0 (Windows NT 10.0; Win64; x64) AppleWebKit/537.36 (KHTML, like Gecko) Chrome/90.0.4430.212 Safari/537.36"
::1 - - [20/May/2021:13:37:58 +0000] "GET /api/sauces/60a6661daf8a0a3fa80f400e HTTP/1.1" 200 357 "http://localhost:4200/" "Mozilla/5.0 (Windows NT 10.0; Win64; x64) AppleWebKit/537.36 (KHTML, like Gecko) Chrome/90.0.4430.212 Safari/537.36"
::1 - - [20/May/2021:13:37:58 +0000] "GET /images/erreur_1621517853991.png HTTP/1.1" 404 170 "http://localhost:4200/" "Mozilla/5.0 (Windows NT 10.0; Win64; x64) AppleWebKit/537.36 (KHTML, like Gecko) Chrome/90.0.4430.212 Safari/537.36"
::1 - - [20/May/2021:13:37:59 +0000] "DELETE /api/sauces/60a6661daf8a0a3fa80f400e HTTP/1.1" 200 32 "http://localhost:4200/" "Mozilla/5.0 (Windows NT 10.0; Win64; x64) AppleWebKit/537.36 (KHTML, like Gecko) Chrome/90.0.4430.212 Safari/537.36"
::1 - - [20/May/2021:13:37:59 +0000] "GET /api/sauces HTTP/1.1" 200 1002 "http://localhost:4200/" "Mozilla/5.0 (Windows NT 10.0; Win64; x64) AppleWebKit/537.36 (KHTML, like Gecko) Chrome/90.0.4430.212 Safari/537.36"
::1 - - [20/May/2021:13:37:59 +0000] "GET /images/20150227_132712_1621447162893.jpg HTTP/1.1" 404 179 "http://localhost:4200/" "Mozilla/5.0 (Windows NT 10.0; Win64; x64) AppleWebKit/537.36 (KHTML, like Gecko) Chrome/90.0.4430.212 Safari/537.36"
::1 - - [20/May/2021:13:37:59 +0000] "GET /images/Thick-Rich-Pizza-Sauce-finished_1621447352596.jpg HTTP/1.1" 404 195 "http://localhost:4200/" "Mozilla/5.0 (Windows NT 10.0; Win64; x64) AppleWebKit/537.36 (KHTML, like Gecko) Chrome/90.0.4430.212 Safari/537.36"
::1 - - [20/May/2021:13:37:59 +0000] "GET /images/dijon_mustard_1621449131532.jpg HTTP/1.1" 404 177 "http://localhost:4200/" "Mozilla/5.0 (Windows NT 10.0; Win64; x64) AppleWebKit/537.36 (KHTML, like Gecko) Chrome/90.0.4430.212 Safari/537.36"
